2020-08-02 06:21:20,321 __main__     INFO     Walabot api version: 1.2.2_1a20f5edc5cf4fada3b3002990052a300279b7f8
2020-08-02 06:21:20,970 __main__     INFO     predict r min: 15.0, r max: 331.0 (cm)
2020-08-02 06:21:20,971 __main__     INFO     predict phi min: -27.0, phi max: 31.0 (deg)
2020-08-02 06:21:20,971 __main__     INFO     predict theta min: -40.0, theta max: 35.0 (deg)
2020-08-02 06:21:20,971 __main__     INFO     train r min: 10, r max: 360 (cm)
2020-08-02 06:21:20,972 __main__     INFO     train phi min: -30, phi max: 30 (deg)
2020-08-02 06:21:20,972 __main__     INFO     train theta min: -42, theta max: 42 (deg)
2020-08-02 06:21:21,030 __main__     INFO     radar frame rate: 5.0
2020-08-02 06:23:12,700 __main__     INFO     **********
2020-08-02 06:23:12,700 __main__     INFO     Target #1:
x: -16.493876146672125
y: -68.08121672261814
z: 133.6169111673833
amplitude: 6.208659251659634e-05

2020-08-02 06:23:12,717 __main__     INFO     Detected Unknown with probability 0.5383422319797587
2020-08-02 06:23:12,717 __main__     INFO     **********
2020-08-02 06:23:13,098 __main__     INFO     **********
2020-08-02 06:23:13,098 __main__     INFO     Target #1:
x: -15.061451968128663
y: -74.34681064703959
z: 145.91383162668208
amplitude: 5.997036953713171e-05

2020-08-02 06:23:13,114 __main__     INFO     Detected Unknown with probability 0.6082690677120032
2020-08-02 06:23:13,114 __main__     INFO     **********
2020-08-02 06:23:13,495 __main__     INFO     **********
2020-08-02 06:23:13,496 __main__     INFO     Target #1:
x: 2.5784696164808074
y: -56.199601584048445
z: 110.2979284740574
amplitude: 0.0002834428688304186

2020-08-02 06:23:13,511 __main__     INFO     Detected Unknown with probability 0.6942520988539203
2020-08-02 06:23:13,512 __main__     INFO     **********
2020-08-02 06:23:13,893 __main__     INFO     **********
2020-08-02 06:23:13,893 __main__     INFO     Target #1:
x: 73.90196768755911
y: -31.179291649026077
z: 151.45657947668474
amplitude: 0.00017598809870673045

2020-08-02 06:23:13,909 __main__     INFO     Detected Unknown with probability 0.6557047209010748
2020-08-02 06:23:13,909 __main__     INFO     **********
2020-08-02 06:23:13,909 __main__     INFO     **********
2020-08-02 06:23:13,910 __main__     INFO     Target #2:
x: -64.57257977813627
y: -49.74192119477116
z: 97.6240171008672
amplitude: 0.00016608380098682537

2020-08-02 06:23:13,925 __main__     INFO     Detected person with probability 0.7723803504282986
2020-08-02 06:23:13,926 __main__     INFO     **********
2020-08-02 06:23:14,306 __main__     INFO     **********
2020-08-02 06:23:14,306 __main__     INFO     Target #1:
x: -88.78657906971085
y: -33.72804472698984
z: 100.29227316991609
amplitude: 0.00048112710565555205

2020-08-02 06:23:14,322 __main__     INFO     Detected Unknown with probability 0.5024706786874313
2020-08-02 06:23:14,323 __main__     INFO     **********
2020-08-02 06:23:14,323 __main__     INFO     **********
2020-08-02 06:23:14,323 __main__     INFO     Target #2:
x: 22.661410776904955
y: -23.768500513310823
z: 130.3939878316438
amplitude: 0.0003008698956587677

2020-08-02 06:23:14,339 __main__     INFO     Detected Unknown with probability 0.4965060085364497
2020-08-02 06:23:14,339 __main__     INFO     **********
2020-08-02 06:23:14,719 __main__     INFO     **********
2020-08-02 06:23:14,720 __main__     INFO     Target #1:
x: -35.27687758081621
y: -17.718129098327772
z: 132.23137011833478
amplitude: 0.0004710160768684542

2020-08-02 06:23:14,736 __main__     INFO     Detected Unknown with probability 0.44312912432740165
2020-08-02 06:23:14,736 __main__     INFO     **********
2020-08-02 06:23:15,117 __main__     INFO     **********
2020-08-02 06:23:15,117 __main__     INFO     Target #1:
x: -39.60712114896492
y: -24.326302624094204
z: 128.40086641976134
amplitude: 0.00027220574522261547

2020-08-02 06:23:15,133 __main__     INFO     Detected Unknown with probability 0.5420301248907579
2020-08-02 06:23:15,134 __main__     INFO     **********
2020-08-02 06:23:15,514 __main__     INFO     **********
2020-08-02 06:23:15,515 __main__     INFO     Target #1:
x: -66.26315079134162
y: -53.83841224521883
z: 105.66383347218363
amplitude: 0.00018093174355116634

2020-08-02 06:23:15,531 __main__     INFO     Detected Unknown with probability 0.6219194107349505
2020-08-02 06:23:15,531 __main__     INFO     **********
2020-08-02 06:23:15,531 __main__     INFO     **********
2020-08-02 06:23:15,531 __main__     INFO     Target #2:
x: 78.70792734266492
y: -25.41751338316651
z: 152.19709123902678
amplitude: 0.00014445097874125508

2020-08-02 06:23:15,547 __main__     INFO     Detected Unknown with probability 0.6054451862607055
2020-08-02 06:23:15,547 __main__     INFO     **********
2020-08-02 06:23:15,928 __main__     INFO     **********
2020-08-02 06:23:15,928 __main__     INFO     Target #1:
x: 7.482885035148698
y: -27.85093369816371
z: 124.426306733888
amplitude: 0.0002619485191490524

2020-08-02 06:23:15,944 __main__     INFO     Detected Unknown with probability 0.6417012694734581
2020-08-02 06:23:15,944 __main__     INFO     **********
2020-08-02 06:23:15,944 __main__     INFO     **********
2020-08-02 06:23:15,945 __main__     INFO     Target #2:
x: -78.84344452688718
y: -51.855521333626456
z: 101.77219093782175
amplitude: 0.00018623281680097304

2020-08-02 06:23:15,960 __main__     INFO     Detected Unknown with probability 0.48854551860804757
2020-08-02 06:23:15,961 __main__     INFO     **********
2020-08-02 06:23:16,341 __main__     INFO     **********
2020-08-02 06:23:16,342 __main__     INFO     Target #1:
x: -20.893736811144464
y: -29.967592029694785
z: 124.11512232752075
amplitude: 0.0003941903678591295

2020-08-02 06:23:16,357 __main__     INFO     Detected Unknown with probability 0.5223538586275187
2020-08-02 06:23:16,358 __main__     INFO     **********
2020-08-02 06:23:16,739 __main__     INFO     **********
2020-08-02 06:23:16,739 __main__     INFO     Target #1:
x: -18.32588090577366
y: -31.855115165264014
z: 124.04295873099369
amplitude: 0.000445209744947763

2020-08-02 06:23:16,755 __main__     INFO     Detected Unknown with probability 0.48751377645891736
2020-08-02 06:23:16,755 __main__     INFO     **********
2020-08-02 06:23:17,136 __main__     INFO     **********
2020-08-02 06:23:17,136 __main__     INFO     Target #1:
x: -15.347081752904357
y: -30.119531163654095
z: 123.63735864604793
amplitude: 0.0003771809878660747

2020-08-02 06:23:17,152 __main__     INFO     Detected Unknown with probability 0.5322056415941094
2020-08-02 06:23:17,152 __main__     INFO     **********
2020-08-02 06:23:17,533 __main__     INFO     **********
2020-08-02 06:23:17,534 __main__     INFO     Target #1:
x: -20.350892385010404
y: -26.68839102756213
z: 122.5866542722964
amplitude: 0.0002983224744847172

2020-08-02 06:23:17,550 __main__     INFO     Detected Unknown with probability 0.5543866197374611
2020-08-02 06:23:17,550 __main__     INFO     **********
2020-08-02 06:23:17,550 __main__     INFO     **********
2020-08-02 06:23:17,550 __main__     INFO     Target #2:
x: -79.26783473586781
y: -43.34570802012892
z: 106.18612881290727
amplitude: 0.0002447529308273359

2020-08-02 06:23:17,566 __main__     INFO     Detected Unknown with probability 0.6091763463402968
2020-08-02 06:23:17,566 __main__     INFO     **********
2020-08-02 06:23:17,947 __main__     INFO     **********
2020-08-02 06:23:17,948 __main__     INFO     Target #1:
x: -6.948055177906337
y: -28.22151995954007
z: 124.20188923485276
amplitude: 0.0005166673329789038

2020-08-02 06:23:17,964 __main__     INFO     Detected Unknown with probability 0.6942675403729979
2020-08-02 06:23:17,964 __main__     INFO     **********
2020-08-02 06:23:18,345 __main__     INFO     **********
2020-08-02 06:23:18,345 __main__     INFO     Target #1:
x: -15.343557143369019
y: -33.75862009027441
z: 121.92973696959861
amplitude: 0.0004506564237270369

2020-08-02 06:23:18,361 __main__     INFO     Detected Unknown with probability 0.546257742211682
2020-08-02 06:23:18,361 __main__     INFO     **********
2020-08-02 06:23:18,742 __main__     INFO     **********
2020-08-02 06:23:18,743 __main__     INFO     Target #1:
x: 1.5690090992117378
y: -33.38135602687157
z: 116.82596033676998
amplitude: 0.00030386951192223275

2020-08-02 06:23:18,759 __main__     INFO     Detected person with probability 0.7717147450391193
2020-08-02 06:23:18,759 __main__     INFO     **********
2020-08-02 06:23:18,759 __main__     INFO     **********
2020-08-02 06:23:18,759 __main__     INFO     Target #2:
x: -89.87431778924505
y: -16.4992085998381
z: 105.82962054840415
amplitude: 0.0001899656291776077

2020-08-02 06:23:18,775 __main__     INFO     Detected Unknown with probability 0.5575847593671989
2020-08-02 06:23:18,775 __main__     INFO     **********
2020-08-02 06:23:19,156 __main__     INFO     **********
2020-08-02 06:23:19,157 __main__     INFO     Target #1:
x: 20.316032523386802
y: -23.563424943934734
z: 120.58985738972395
amplitude: 0.00017386882318542383

2020-08-02 06:23:19,172 __main__     INFO     Detected Unknown with probability 0.5104303108422953
2020-08-02 06:23:19,173 __main__     INFO     **********
2020-08-02 06:23:19,173 __main__     INFO     **********
2020-08-02 06:23:19,173 __main__     INFO     Target #2:
x: -86.20378569713088
y: -10.213629843107789
z: 102.22469850363281
amplitude: 0.00014404998424124855

2020-08-02 06:23:19,189 __main__     INFO     Detected Unknown with probability 0.49605679205797043
2020-08-02 06:23:19,189 __main__     INFO     **********
2020-08-02 06:23:19,570 __main__     INFO     **********
2020-08-02 06:23:19,570 __main__     INFO     Target #1:
x: -4.176807219476554
y: -13.795191322278768
z: 118.9714085321937
amplitude: 0.00043829397034446296

2020-08-02 06:23:19,586 __main__     INFO     Detected Unknown with probability 0.5354627406664377
2020-08-02 06:23:19,587 __main__     INFO     **********
2020-08-02 06:23:19,587 __main__     INFO     **********
2020-08-02 06:23:19,587 __main__     INFO     Target #2:
x: -95.04308751496052
y: 16.452419954074326
z: 112.0666959243467
amplitude: 0.00021224504555594726

2020-08-02 06:23:19,603 __main__     INFO     Detected Unknown with probability 0.674363068492661
2020-08-02 06:23:19,603 __main__     INFO     **********
2020-08-02 06:23:19,984 __main__     INFO     **********
2020-08-02 06:23:19,984 __main__     INFO     Target #1:
x: -39.03876180819621
y: -14.959167776759475
z: 115.1568928469216
amplitude: 0.0002654890893248894

2020-08-02 06:23:20,000 __main__     INFO     Detected Unknown with probability 0.5846751299106757
2020-08-02 06:23:20,000 __main__     INFO     **********
2020-08-02 06:23:20,000 __main__     INFO     **********
2020-08-02 06:23:20,001 __main__     INFO     Target #2:
x: 88.84063278786739
y: 5.76685021640116
z: 142.05772743466753
amplitude: 0.0002011483719190789

2020-08-02 06:23:20,016 __main__     INFO     Detected Unknown with probability 0.6718757811508074
2020-08-02 06:23:20,017 __main__     INFO     **********
2020-08-02 06:23:20,017 __main__     INFO     **********
2020-08-02 06:23:20,017 __main__     INFO     Target #3:
x: -23.001796195880686
y: 69.05845026181186
z: 218.81971688366684
amplitude: 0.0001364920576483494

2020-08-02 06:23:20,033 __main__     INFO     Detected Unknown with probability 0.49087780826194455
2020-08-02 06:23:20,033 __main__     INFO     **********
2020-08-02 06:23:20,414 __main__     INFO     **********
2020-08-02 06:23:20,414 __main__     INFO     Target #1:
x: -39.2126563115871
y: 0.33425890264662717
z: 119.54198542081646
amplitude: 0.0002276006511605274

2020-08-02 06:23:20,430 __main__     INFO     Detected Unknown with probability 0.6785272774426226
2020-08-02 06:23:20,430 __main__     INFO     **********
2020-08-02 06:23:20,430 __main__     INFO     **********
2020-08-02 06:23:20,431 __main__     INFO     Target #2:
x: -6.647868411850051
y: 48.97776278203564
z: 224.18938831969447
amplitude: 0.0001974116962145673

2020-08-02 06:23:20,446 __main__     INFO     Detected Unknown with probability 0.6982526087855989
2020-08-02 06:23:20,447 __main__     INFO     **********
2020-08-02 06:23:20,827 __main__     INFO     **********
2020-08-02 06:23:20,828 __main__     INFO     Target #1:
x: 17.28024215390912
y: 10.317756893382947
z: 109.45418349839582
amplitude: 0.0003706390294708077

2020-08-02 06:23:20,844 __main__     INFO     Detected person with probability 0.7721682919309681
2020-08-02 06:23:20,844 __main__     INFO     **********
2020-08-02 06:23:20,844 __main__     INFO     **********
2020-08-02 06:23:20,844 __main__     INFO     Target #2:
x: -16.906631515873116
y: 51.07561931217322
z: 221.83182719466456
amplitude: 0.0002571916261488627

2020-08-02 06:23:20,860 __main__     INFO     Detected person with probability 0.731249153005254
2020-08-02 06:23:20,860 __main__     INFO     **********
2020-08-02 06:23:21,241 __main__     INFO     **********
2020-08-02 06:23:21,241 __main__     INFO     Target #1:
x: -6.38008260560389
y: 14.969874902069021
z: 104.88168641936808
amplitude: 0.0007025452587854765

2020-08-02 06:23:21,257 __main__     INFO     Detected person with probability 0.8292162568340307
2020-08-02 06:23:21,258 __main__     INFO     **********
2020-08-02 06:23:21,258 __main__     INFO     **********
2020-08-02 06:23:21,258 __main__     INFO     Target #2:
x: 28.10660170400416
y: 59.90574467306596
z: 219.92359801132415
amplitude: 0.000296331153283178

2020-08-02 06:23:21,274 __main__     INFO     Detected Unknown with probability 0.6771863561441522
2020-08-02 06:23:21,274 __main__     INFO     **********
2020-08-02 06:23:21,655 __main__     INFO     **********
2020-08-02 06:23:21,655 __main__     INFO     Target #1:
x: -5.2652714454560705
y: 20.365842717801094
z: 107.57195616839716
amplitude: 0.0003821401517544886

2020-08-02 06:23:21,671 __main__     INFO     Detected person with probability 0.819584432799264
2020-08-02 06:23:21,671 __main__     INFO     **********
2020-08-02 06:23:21,672 __main__     INFO     **********
2020-08-02 06:23:21,672 __main__     INFO     Target #2:
x: 7.936527450327431
y: 46.57696210763399
z: 222.69422484702818
amplitude: 0.0002926143313005046

2020-08-02 06:23:21,688 __main__     INFO     Detected person with probability 0.7303693638599154
2020-08-02 06:23:21,688 __main__     INFO     **********
2020-08-02 06:23:22,069 __main__     INFO     **********
2020-08-02 06:23:22,069 __main__     INFO     Target #1:
x: 6.757685220654301
y: 47.56163243663247
z: 224.80134445692167
amplitude: 0.0003227824115626681

2020-08-02 06:23:22,085 __main__     INFO     Detected person with probability 0.7663176706348274
2020-08-02 06:23:22,085 __main__     INFO     **********
2020-08-02 06:23:22,086 __main__     INFO     **********
2020-08-02 06:23:22,086 __main__     INFO     Target #2:
x: -52.14981203239937
y: 37.75530424990883
z: 112.85427071598599
amplitude: 0.00029341380234641117

2020-08-02 06:23:22,102 __main__     INFO     Detected person with probability 0.7936391682436463
2020-08-02 06:23:22,102 __main__     INFO     **********
2020-08-02 06:23:22,483 __main__     INFO     **********
2020-08-02 06:23:22,483 __main__     INFO     Target #1:
x: 7.480736270501254
y: 44.58717369530168
z: 224.93452186582218
amplitude: 0.00034755429593276465

2020-08-02 06:23:22,499 __main__     INFO     Detected person with probability 0.8391287696161452
2020-08-02 06:23:22,499 __main__     INFO     **********
2020-08-02 06:23:22,499 __main__     INFO     **********
2020-08-02 06:23:22,500 __main__     INFO     Target #2:
x: -33.41241210989707
y: 38.311560833576735
z: 127.18643035230828
amplitude: 0.00017655325577294528

2020-08-02 06:23:22,515 __main__     INFO     Detected person with probability 0.8401597233434706
2020-08-02 06:23:22,516 __main__     INFO     **********
2020-08-02 06:23:22,897 __main__     INFO     **********
2020-08-02 06:23:22,897 __main__     INFO     Target #1:
x: -4.091467161257838
y: 56.85590481680413
z: 154.5085259263787
amplitude: 0.0001925219154137102

2020-08-02 06:23:22,913 __main__     INFO     Detected Unknown with probability 0.6960494449137837
2020-08-02 06:23:22,913 __main__     INFO     **********
2020-08-02 06:23:22,913 __main__     INFO     **********
2020-08-02 06:23:22,914 __main__     INFO     Target #2:
x: 35.746621718750845
y: 48.483159840823475
z: 224.82941972362514
amplitude: 0.00018687798873728514

2020-08-02 06:23:22,930 __main__     INFO     Detected person with probability 0.7085398459699507
2020-08-02 06:23:22,930 __main__     INFO     **********
2020-08-02 06:23:23,311 __main__     INFO     **********
2020-08-02 06:23:23,312 __main__     INFO     Target #1:
x: -71.7362961226524
y: 73.35211615481168
z: 132.33072049349676
amplitude: 0.00015669719314829217

2020-08-02 06:23:23,327 __main__     INFO     Detected person with probability 0.7666532024918332
2020-08-02 06:23:23,328 __main__     INFO     **********
2020-08-02 06:23:23,709 __main__     INFO     **********
2020-08-02 06:23:23,709 __main__     INFO     Target #1:
x: 42.005809267239755
y: 89.64396365982232
z: 161.72199141413552
amplitude: 0.00024297066424816698

2020-08-02 06:23:23,725 __main__     INFO     Detected Unknown with probability 0.4999427096983488
2020-08-02 06:23:23,726 __main__     INFO     **********
2020-08-02 06:23:24,107 __main__     INFO     **********
2020-08-02 06:23:24,107 __main__     INFO     Target #1:
x: -81.39112897443968
y: 97.14354544323143
z: 192.68164688630057
amplitude: 9.479999177776325e-05

2020-08-02 06:23:24,123 __main__     INFO     Detected person with probability 0.746969207406519
2020-08-02 06:23:24,123 __main__     INFO     **********
2020-08-02 06:23:24,505 __main__     INFO     **********
2020-08-02 06:23:24,505 __main__     INFO     Target #1:
x: -5.286160034243804
y: 110.60856289489034
z: 199.543129604325
amplitude: 0.00014323932706963594

2020-08-02 06:23:24,521 __main__     INFO     Detected person with probability 0.7164993142805006
2020-08-02 06:23:24,521 __main__     INFO     **********
2020-08-02 06:23:24,902 __main__     INFO     **********
2020-08-02 06:23:24,903 __main__     INFO     Target #1:
x: 11.818438643250165
y: 125.65082540269377
z: 226.6800895157313
amplitude: 0.00010512874320556358

2020-08-02 06:23:24,919 __main__     INFO     Detected person with probability 0.7626262439379556
2020-08-02 06:23:24,919 __main__     INFO     **********
2020-08-02 06:23:25,300 __main__     INFO     **********
2020-08-02 06:23:25,301 __main__     INFO     Target #1:
x: -96.4465435965574
y: 74.76199645453065
z: 238.08014329001105
amplitude: 6.408693196741491e-05

2020-08-02 06:23:25,317 __main__     INFO     Detected person with probability 0.7509299795658295
2020-08-02 06:23:25,317 __main__     INFO     **********
2020-08-02 06:23:25,698 __main__     INFO     **********
2020-08-02 06:23:25,698 __main__     INFO     Target #1:
x: -1.5223535204420084
y: 57.246054769902614
z: 221.74909866673627
amplitude: 5.740576349211632e-05

2020-08-02 06:23:25,714 __main__     INFO     Detected Unknown with probability 0.5818545741168674
2020-08-02 06:23:25,714 __main__     INFO     **********
2020-08-02 06:23:26,096 __main__     INFO     **********
2020-08-02 06:23:26,096 __main__     INFO     Target #1:
x: 33.59689261256022
y: 152.6399730635667
z: 275.3698007700181
amplitude: 0.0001726467328709737

2020-08-02 06:23:26,112 __main__     INFO     Detected Unknown with probability 0.6193917016009235
2020-08-02 06:23:26,112 __main__     INFO     **********
2020-08-02 06:25:55,160 __main__     INFO     **********
2020-08-02 06:25:55,161 __main__     INFO     Target #1:
x: 71.62589930588157
y: 144.06398970485563
z: 259.8983172424903
amplitude: 7.317104448964518e-05

2020-08-02 06:25:55,177 __main__     INFO     Detected Unknown with probability 0.6962297120231152
2020-08-02 06:25:55,177 __main__     INFO     **********
2020-08-02 06:25:55,557 __main__     INFO     **********
2020-08-02 06:25:55,558 __main__     INFO     Target #1:
x: 89.29801246822699
y: 126.17930522966125
z: 227.6334923612782
amplitude: 0.00013981187382467697

2020-08-02 06:25:55,573 __main__     INFO     Detected person with probability 0.8056598698345324
2020-08-02 06:25:55,574 __main__     INFO     **********
2020-08-02 06:25:55,954 __main__     INFO     **********
2020-08-02 06:25:55,954 __main__     INFO     Target #1:
x: 38.038219177001494
y: 120.65748866211365
z: 217.6718715775734
amplitude: 0.0003134348734544345

2020-08-02 06:25:55,970 __main__     INFO     Detected Unknown with probability 0.5218715347781725
2020-08-02 06:25:55,970 __main__     INFO     **********
2020-08-02 06:25:56,351 __main__     INFO     **********
2020-08-02 06:25:56,351 __main__     INFO     Target #1:
x: 47.76119257310539
y: 111.39419402190649
z: 200.96044567548984
amplitude: 0.00018619359238108548

2020-08-02 06:25:56,367 __main__     INFO     Detected Unknown with probability 0.6912713873649149
2020-08-02 06:25:56,368 __main__     INFO     **********
2020-08-02 06:25:56,749 __main__     INFO     **********
2020-08-02 06:25:56,749 __main__     INFO     Target #1:
x: 49.45619871303716
y: 99.68771627481063
z: 179.84140077370668
amplitude: 0.00019719091944984008

2020-08-02 06:25:56,765 __main__     INFO     Detected person with probability 0.8251121094936851
2020-08-02 06:25:56,765 __main__     INFO     **********
2020-08-02 06:25:56,765 __main__     INFO     **********
2020-08-02 06:25:56,765 __main__     INFO     Target #2:
x: -102.6146269125433
y: 87.67396852775045
z: 158.16802611822564
amplitude: 0.00017817079489392077

2020-08-02 06:25:56,781 __main__     INFO     Detected person with probability 0.8255707162227693
2020-08-02 06:25:56,782 __main__     INFO     **********
2020-08-02 06:25:57,162 __main__     INFO     **********
2020-08-02 06:25:57,163 __main__     INFO     Target #1:
x: 60.95307946478802
y: 76.19032323419364
z: 166.36412720523427
amplitude: 0.0001987748590859747

2020-08-02 06:25:57,178 __main__     INFO     Detected Unknown with probability 0.6032134686987991
2020-08-02 06:25:57,179 __main__     INFO     **********
2020-08-02 06:25:57,559 __main__     INFO     **********
2020-08-02 06:25:57,560 __main__     INFO     Target #1:
x: -15.618790855330179
y: 72.71365465994887
z: 158.4558145452923
amplitude: 0.00022199117536844134

2020-08-02 06:25:57,576 __main__     INFO     Detected person with probability 0.8234926241405706
2020-08-02 06:25:57,576 __main__     INFO     **********
2020-08-02 06:25:57,956 __main__     INFO     **********
2020-08-02 06:25:57,957 __main__     INFO     Target #1:
x: -15.190702357387414
y: 55.52226398320694
z: 158.89881155647188
amplitude: 0.00018692978216058672

2020-08-02 06:25:57,973 __main__     INFO     Detected person with probability 0.7315176093878837
2020-08-02 06:25:57,973 __main__     INFO     **********
2020-08-02 06:25:57,973 __main__     INFO     **********
2020-08-02 06:25:57,973 __main__     INFO     Target #2:
x: 59.824023082024084
y: 67.46738145089557
z: 294.44088857684545
amplitude: 0.00012756160109363696

2020-08-02 06:25:57,989 __main__     INFO     Detected Unknown with probability 0.6875501956269363
2020-08-02 06:25:57,990 __main__     INFO     **********
2020-08-02 06:25:58,370 __main__     INFO     **********
2020-08-02 06:25:58,371 __main__     INFO     Target #1:
x: 20.56082482347117
y: 24.392442397349644
z: 144.66387318650493
amplitude: 0.00040189039029321936

2020-08-02 06:25:58,387 __main__     INFO     Detected person with probability 0.730946027901254
2020-08-02 06:25:58,387 __main__     INFO     **********
2020-08-02 06:25:58,387 __main__     INFO     **********
2020-08-02 06:25:58,387 __main__     INFO     Target #2:
x: -10.46817573644574
y: 58.75442165456206
z: 223.2629368652382
amplitude: 0.0004013874380343622

2020-08-02 06:25:58,403 __main__     INFO     Detected person with probability 0.7363412930841848
2020-08-02 06:25:58,403 __main__     INFO     **********
2020-08-02 06:25:58,404 __main__     INFO     **********
2020-08-02 06:25:58,404 __main__     INFO     Target #3:
x: -95.36715883779426
y: 33.63373854179411
z: 108.56352237113624
amplitude: 0.0002998509931623585

2020-08-02 06:25:58,420 __main__     INFO     Detected person with probability 0.7004723473964601
2020-08-02 06:25:58,420 __main__     INFO     **********
2020-08-02 06:25:58,801 __main__     INFO     **********
2020-08-02 06:25:58,801 __main__     INFO     Target #1:
x: 1.8550912680171994
y: 56.908712133687445
z: 222.89030319124188
amplitude: 0.0003418979350656732

2020-08-02 06:25:58,817 __main__     INFO     Detected person with probability 0.7687158934248461
2020-08-02 06:25:58,817 __main__     INFO     **********
2020-08-02 06:25:58,818 __main__     INFO     **********
2020-08-02 06:25:58,818 __main__     INFO     Target #2:
x: -37.42351365291497
y: 9.033236863560147
z: 134.1197898997446
amplitude: 0.00029110323080954603

2020-08-02 06:25:58,834 __main__     INFO     Detected person with probability 0.7770361703502039
2020-08-02 06:25:58,834 __main__     INFO     **********
2020-08-02 06:25:59,215 __main__     INFO     **********
2020-08-02 06:25:59,215 __main__     INFO     Target #1:
x: -100.1685959761412
y: 1.8817593504802228
z: 119.36145186772174
amplitude: 0.00014061826619510978

2020-08-02 06:25:59,231 __main__     INFO     Detected Unknown with probability 0.6734406303752775
2020-08-02 06:25:59,231 __main__     INFO     **********
2020-08-02 06:25:59,231 __main__     INFO     **********
2020-08-02 06:25:59,232 __main__     INFO     Target #2:
x: 78.70754525746108
y: -11.593814869802515
z: 164.87787576077767
amplitude: 0.0001076531973773452

2020-08-02 06:25:59,247 __main__     INFO     Detected Unknown with probability 0.6623097799595484
2020-08-02 06:25:59,248 __main__     INFO     **********
2020-08-02 06:25:59,628 __main__     INFO     **********
2020-08-02 06:25:59,629 __main__     INFO     Target #1:
x: -3.0337044970650098
y: -21.83431998088703
z: 125.67077980843389
amplitude: 0.0001682292609207785

2020-08-02 06:25:59,645 __main__     INFO     Detected Unknown with probability 0.6294449254628701
2020-08-02 06:25:59,645 __main__     INFO     **********
2020-08-02 06:25:59,645 __main__     INFO     **********
2020-08-02 06:25:59,645 __main__     INFO     Target #2:
x: -106.15350378382269
y: -35.00930340014061
z: 121.56821166296493
amplitude: 9.881280435267922e-05

2020-08-02 06:25:59,661 __main__     INFO     Detected Unknown with probability 0.6744418675350801
2020-08-02 06:25:59,662 __main__     INFO     **********
2020-08-02 06:26:00,042 __main__     INFO     **********
2020-08-02 06:26:00,042 __main__     INFO     Target #1:
x: -2.6294424871608855
y: -33.847951696393274
z: 118.17920174229914
amplitude: 0.00020679957981926744

2020-08-02 06:26:00,058 __main__     INFO     Detected person with probability 0.7246422381492418
2020-08-02 06:26:00,058 __main__     INFO     **********
2020-08-02 06:26:00,439 __main__     INFO     **********
2020-08-02 06:26:00,439 __main__     INFO     Target #1:
x: -17.799129836219205
y: -63.4497017852676
z: 124.5270512949351
amplitude: 0.0002932276824951327

2020-08-02 06:26:00,478 __main__     INFO     Detected person with probability 0.7740526882517477
2020-08-02 06:26:00,478 __main__     INFO     **********
2020-08-02 06:26:00,859 __main__     INFO     **********
2020-08-02 06:26:00,859 __main__     INFO     Target #1:
x: -41.93099271762407
y: -64.58856124216956
z: 126.76218882934481
amplitude: 0.00017385310914340898

2020-08-02 06:26:00,875 __main__     INFO     Detected Unknown with probability 0.6903118784117258
2020-08-02 06:26:00,875 __main__     INFO     **********
2020-08-02 06:26:00,875 __main__     INFO     **********
2020-08-02 06:26:00,876 __main__     INFO     Target #2:
x: 68.14839171297213
y: -60.221839219848185
z: 118.19201431371616
amplitude: 0.00016571549007334427

2020-08-02 06:26:00,892 __main__     INFO     Detected Unknown with probability 0.6832594351058549
2020-08-02 06:26:00,892 __main__     INFO     **********
2020-08-02 06:26:01,642 __main__     INFO     **********
2020-08-02 06:26:01,643 __main__     INFO     Target #1:
x: -4.223290654286524
y: -70.10332535449842
z: 137.5855228115842
amplitude: 5.9511176882719605e-05

2020-08-02 06:26:01,658 __main__     INFO     Detected Unknown with probability 0.6641305449763666
2020-08-02 06:26:01,659 __main__     INFO     **********
2020-08-02 06:29:07,429 __main__     INFO     Successful radar shutdown.
