2020-11-29 17:52:17,336 __main__     INFO     Opening dataset: datasets/radar_samples_25Nov20.pickle
2020-11-29 17:52:17,372 __main__     INFO     Opening dataset: datasets/radar_samples.pickle
2020-11-29 17:52:17,381 __main__     INFO     Maybe filtering classes.
2020-11-29 17:52:17,381 __main__     INFO     Scaling samples.
2020-11-29 17:52:17,412 __main__     INFO     Encoding labels.
2020-11-29 17:52:17,412 __main__     INFO     Found 3 classes and 1137 samples:
2020-11-29 17:52:17,412 __main__     INFO     ...class: 0 "cat" count: 117
2020-11-29 17:52:17,412 __main__     INFO     ...class: 1 "dog" count: 412
2020-11-29 17:52:17,413 __main__     INFO     ...class: 2 "person" count: 608
2020-11-29 17:52:17,413 __main__     INFO     Splitting data into train and test sets (test size=0.2).
2020-11-29 17:52:17,414 __main__     INFO     Projection mask: ProjMask(xz=True, yz=True, xy=True)
2020-11-29 17:52:17,414 __main__     INFO     Augment epochs: 4
2020-11-29 17:52:17,414 __main__     INFO     Online learning: False
2020-11-29 17:52:17,414 __main__     INFO     Using SVM algo: SGDClassifier.
2020-11-29 17:52:17,414 __main__     INFO     Generating feature vectors.
2020-11-29 17:52:18,882 __main__     INFO     Feature vector length: 10010
2020-11-29 17:52:18,882 __main__     INFO     Balancing classes.
2020-11-29 17:52:18,926 __main__     INFO     Running best fit with new data.
2020-11-29 17:57:17,345 __main__     INFO     
 Best estimator:
2020-11-29 17:57:17,345 __main__     INFO     SGDClassifier(alpha=1e-05, loss='log', n_jobs=-1, penalty='elasticnet',
              random_state=1234, warm_start=True)
2020-11-29 17:57:17,349 __main__     INFO     
 Best score for 5-fold search:
2020-11-29 17:57:17,349 __main__     INFO     0.9710912254536416
2020-11-29 17:57:17,349 __main__     INFO     
 Best hyperparameters:
2020-11-29 17:57:17,349 __main__     INFO     {'alpha': 1e-05, 'average': False, 'l1_ratio': 0.15, 'penalty': 'elasticnet'}
2020-11-29 17:57:17,349 __main__     INFO     Running partial fit with augmented data (epochs: 4).
2020-11-29 17:58:19,107 __main__     INFO     Evaluating final classifier on test set.
2020-11-29 17:58:19,414 __main__     INFO     Accuracy: 0.9166666666666666
2020-11-29 17:58:19,415 __main__     INFO     Confusion matrix:
[[ 20   4   1]
 [  3  84   4]
 [  0   7 105]]
2020-11-29 17:58:19,701 __main__     INFO     Saving confusion matrix plot to: ./train-results/svm_cm.png
2020-11-29 17:58:19,865 __main__     INFO     Classification report:
              precision    recall  f1-score   support

         cat       0.87      0.80      0.83        25
         dog       0.88      0.92      0.90        91
      person       0.95      0.94      0.95       112

    accuracy                           0.92       228
   macro avg       0.90      0.89      0.89       228
weighted avg       0.92      0.92      0.92       228

2020-11-29 17:58:19,865 __main__     INFO     Saving svm model to: ./train-results/svm_radar_classifier.pickle.
2020-11-29 17:58:19,866 __main__     INFO     Saving label encoder to: ./train-results/radar_labels.pickle.
