(walabot) lindo@minuteman:~/develop/radar-ml$ python3 ./train.py 
Loading and scaling samples.
Encoding labels.
class names: ['person', 'polly', 'rebel']
Unbalanced most common: [(1, 334), (0, 262), (2, 72)]
Unbalanced label shape: (668,)
Unbalanced data shape: (668, 10010)
Balanced most common: [(1, 334), (0, 334), (2, 334)]
Balanced label shape: (1002,)
Balanced data shape: (1002, 10010)

 Finding best svm estimator...
Fitting 5 folds for each of 42 candidates, totalling 210 fits
[Parallel(n_jobs=4)]: Using backend LokyBackend with 4 concurrent workers.
[Parallel(n_jobs=4)]: Done  42 tasks      | elapsed:  6.0min
[Parallel(n_jobs=4)]: Done 192 tasks      | elapsed: 34.7min
[Parallel(n_jobs=4)]: Done 210 out of 210 | elapsed: 37.0min finished

 Best estimator:
SVC(C=10, cache_size=1000, class_weight='balanced', gamma=0.01,
    probability=True, random_state=1234)

 Best score for 5-fold search:
0.941335403726708

 Best hyperparameters:
{'C': 10, 'gamma': 0.01, 'kernel': 'rbf'}

 Evaluating model.

 Confusion matrix:
[[74  0  0]
 [ 4 64  1]
 [ 0  0 58]]

 Classification matrix:
              precision    recall  f1-score   support

      person       0.95      1.00      0.97        74
       polly       1.00      0.93      0.96        69
       rebel       0.98      1.00      0.99        58

    accuracy                           0.98       201
   macro avg       0.98      0.98      0.98       201
weighted avg       0.98      0.98      0.97       201


 Saving svm model...

 Saving label encoder.
(walabot) lindo@minuteman:~/develop/radar-ml$
